Arguments: 
  /usr/local/Cellar/node/14.8.0/bin/node /usr/local/Cellar/yarn/1.22.4/libexec/bin/yarn.js remove mobx

PATH: 
  /usr/local/opt/postgresql@11/bin:/Users/jiinkim/Desktop/BASE/bin:/Library/Frameworks/Python.framework/Versions/3.7/bin:/usr/local/bin:/usr/bin:/bin:/usr/sbin:/sbin:/usr/local/go/bin:/usr/local/opt/postgresql@11/bin:/Users/jiinkim/Desktop/BASE/bin:/Library/Frameworks/Python.framework/Versions/3.7/bin

Yarn version: 
  1.22.4

Node version: 
  14.8.0

Platform: 
  darwin x64

Trace: 
  SyntaxError: /Users/jiinkim/Desktop/ACT-dev/act-app/package.json: Unexpected token ] in JSON at position 797
      at JSON.parse (<anonymous>)
      at /usr/local/Cellar/yarn/1.22.4/libexec/lib/cli.js:1625:59
      at Generator.next (<anonymous>)
      at step (/usr/local/Cellar/yarn/1.22.4/libexec/lib/cli.js:310:30)
      at /usr/local/Cellar/yarn/1.22.4/libexec/lib/cli.js:321:13

npm manifest: 
  {
    "name": "act-common",
    "version": "1.0.0",
    "main": "src/index.ts",
    "scripts": {
      "test": "jest"
    },
    "devDependencies": {
      "@types/jest": "^26.0.10",
      "jest": "^26.4.2"
    },
    "dependencies": {
      "firebase": "^7.19.1",
      "mobx": "^5.15.6"
    }
  }

yarn manifest: 
  No manifest

Lockfile: 
  No lockfile
